/home/chris/dev_ws/src/ros2_21_tutorials/learning_service/install/learning_service/lib/python3.10/site-packages/learning_service/__init__.py
/home/chris/dev_ws/src/ros2_21_tutorials/learning_service/install/learning_service/lib/python3.10/site-packages/learning_service/service_adder_server.py
/home/chris/dev_ws/src/ros2_21_tutorials/learning_service/install/learning_service/lib/python3.10/site-packages/learning_service/service_adder_client.py
/home/chris/dev_ws/src/ros2_21_tutorials/learning_service/install/learning_service/lib/python3.10/site-packages/learning_service/service_object_server.py
/home/chris/dev_ws/src/ros2_21_tutorials/learning_service/install/learning_service/lib/python3.10/site-packages/learning_service/service_object_client.py
/home/chris/dev_ws/src/ros2_21_tutorials/learning_service/install/learning_service/lib/python3.10/site-packages/learning_service/__pycache__/__init__.cpython-310.pyc
/home/chris/dev_ws/src/ros2_21_tutorials/learning_service/install/learning_service/lib/python3.10/site-packages/learning_service/__pycache__/service_adder_server.cpython-310.pyc
/home/chris/dev_ws/src/ros2_21_tutorials/learning_service/install/learning_service/lib/python3.10/site-packages/learning_service/__pycache__/service_adder_client.cpython-310.pyc
/home/chris/dev_ws/src/ros2_21_tutorials/learning_service/install/learning_service/lib/python3.10/site-packages/learning_service/__pycache__/service_object_server.cpython-310.pyc
/home/chris/dev_ws/src/ros2_21_tutorials/learning_service/install/learning_service/lib/python3.10/site-packages/learning_service/__pycache__/service_object_client.cpython-310.pyc
/home/chris/dev_ws/src/ros2_21_tutorials/learning_service/install/learning_service/share/ament_index/resource_index/packages/learning_service
/home/chris/dev_ws/src/ros2_21_tutorials/learning_service/install/learning_service/share/learning_service/package.xml
/home/chris/dev_ws/src/ros2_21_tutorials/learning_service/install/learning_service/lib/python3.10/site-packages/learning_service-0.0.0-py3.10.egg-info/dependency_links.txt
/home/chris/dev_ws/src/ros2_21_tutorials/learning_service/install/learning_service/lib/python3.10/site-packages/learning_service-0.0.0-py3.10.egg-info/PKG-INFO
/home/chris/dev_ws/src/ros2_21_tutorials/learning_service/install/learning_service/lib/python3.10/site-packages/learning_service-0.0.0-py3.10.egg-info/SOURCES.txt
/home/chris/dev_ws/src/ros2_21_tutorials/learning_service/install/learning_service/lib/python3.10/site-packages/learning_service-0.0.0-py3.10.egg-info/zip-safe
/home/chris/dev_ws/src/ros2_21_tutorials/learning_service/install/learning_service/lib/python3.10/site-packages/learning_service-0.0.0-py3.10.egg-info/top_level.txt
/home/chris/dev_ws/src/ros2_21_tutorials/learning_service/install/learning_service/lib/python3.10/site-packages/learning_service-0.0.0-py3.10.egg-info/entry_points.txt
/home/chris/dev_ws/src/ros2_21_tutorials/learning_service/install/learning_service/lib/python3.10/site-packages/learning_service-0.0.0-py3.10.egg-info/requires.txt
/home/chris/dev_ws/src/ros2_21_tutorials/learning_service/install/learning_service/lib/learning_service/service_adder_client
/home/chris/dev_ws/src/ros2_21_tutorials/learning_service/install/learning_service/lib/learning_service/service_adder_server
/home/chris/dev_ws/src/ros2_21_tutorials/learning_service/install/learning_service/lib/learning_service/service_object_client
/home/chris/dev_ws/src/ros2_21_tutorials/learning_service/install/learning_service/lib/learning_service/service_object_server
