running egg_info
writing build/learning_topic/learning_topic.egg-info/PKG-INFO
writing dependency_links to build/learning_topic/learning_topic.egg-info/dependency_links.txt
writing entry points to build/learning_topic/learning_topic.egg-info/entry_points.txt
writing requirements to build/learning_topic/learning_topic.egg-info/requires.txt
writing top-level names to build/learning_topic/learning_topic.egg-info/top_level.txt
reading manifest file 'build/learning_topic/learning_topic.egg-info/SOURCES.txt'
writing manifest file 'build/learning_topic/learning_topic.egg-info/SOURCES.txt'
running build
running build_py
copying learning_topic/topic_webcam_sub.py -> /home/chris/dev_ws/src/ros2_21_tutorials/learning_topic/build/learning_topic/build/lib/learning_topic
running install
/usr/lib/python3/dist-packages/setuptools/command/install.py:34: SetuptoolsDeprecationWarning: setup.py install is deprecated. Use build and pip and other standards-based tools.
  warnings.warn(
running install_lib
copying /home/chris/dev_ws/src/ros2_21_tutorials/learning_topic/build/learning_topic/build/lib/learning_topic/topic_webcam_sub.py -> /home/chris/dev_ws/src/ros2_21_tutorials/learning_topic/install/learning_topic/lib/python3.10/site-packages/learning_topic
byte-compiling /home/chris/dev_ws/src/ros2_21_tutorials/learning_topic/install/learning_topic/lib/python3.10/site-packages/learning_topic/topic_webcam_sub.py to topic_webcam_sub.cpython-310.pyc
running install_data
running install_egg_info
removing '/home/chris/dev_ws/src/ros2_21_tutorials/learning_topic/install/learning_topic/lib/python3.10/site-packages/learning_topic-0.0.0-py3.10.egg-info' (and everything under it)
Copying build/learning_topic/learning_topic.egg-info to /home/chris/dev_ws/src/ros2_21_tutorials/learning_topic/install/learning_topic/lib/python3.10/site-packages/learning_topic-0.0.0-py3.10.egg-info
running install_scripts
Installing interface_object_pub script to /home/chris/dev_ws/src/ros2_21_tutorials/learning_topic/install/learning_topic/lib/learning_topic
Installing interface_object_sub script to /home/chris/dev_ws/src/ros2_21_tutorials/learning_topic/install/learning_topic/lib/learning_topic
Installing topic_helloworld_pub script to /home/chris/dev_ws/src/ros2_21_tutorials/learning_topic/install/learning_topic/lib/learning_topic
Installing topic_helloworld_sub script to /home/chris/dev_ws/src/ros2_21_tutorials/learning_topic/install/learning_topic/lib/learning_topic
Installing topic_webcam_pub script to /home/chris/dev_ws/src/ros2_21_tutorials/learning_topic/install/learning_topic/lib/learning_topic
Installing topic_webcam_sub script to /home/chris/dev_ws/src/ros2_21_tutorials/learning_topic/install/learning_topic/lib/learning_topic
writing list of installed files to '/home/chris/dev_ws/src/ros2_21_tutorials/learning_topic/build/learning_topic/install.log'
