[0.277s] DEBUG:colcon:Command line arguments: ['/usr/bin/colcon', 'build']
[0.277s] DEBUG:colcon:Parsed command line arguments: Namespace(log_base=None, log_level=None, verb_name='build', build_base='build', install_base='install', merge_install=False, symlink_install=False, test_result_base=None, continue_on_error=False, executor='parallel', parallel_workers=8, event_handlers=None, ignore_user_meta=False, metas=['./colcon.meta'], base_paths=['.'], packages_ignore=None, packages_ignore_regex=None, paths=None, packages_up_to=None, packages_up_to_regex=None, packages_above=None, packages_above_and_dependencies=None, packages_above_depth=None, packages_select_by_dep=None, packages_skip_by_dep=None, packages_skip_up_to=None, packages_select_build_failed=False, packages_skip_build_finished=False, packages_select_test_failures=False, packages_skip_test_passed=False, packages_select=None, packages_skip=None, packages_select_regex=None, packages_skip_regex=None, packages_start=None, packages_end=None, allow_overriding=[], cmake_args=None, cmake_target=None, cmake_target_skip_unavailable=False, cmake_clean_cache=False, cmake_clean_first=False, cmake_force_configure=False, ament_cmake_args=None, catkin_cmake_args=None, catkin_skip_building_tests=False, verb_parser=<colcon_defaults.argument_parser.defaults.DefaultArgumentsDecorator object at 0x7f0228a76e60>, verb_extension=<colcon_core.verb.build.BuildVerb object at 0x7f02293fe050>, main=<bound method BuildVerb.main of <colcon_core.verb.build.BuildVerb object at 0x7f02293fe050>>)
[0.303s] Level 1:colcon.colcon_core.package_discovery:discover_packages(colcon_meta) check parameters
[0.303s] Level 1:colcon.colcon_core.package_discovery:discover_packages(recursive) check parameters
[0.303s] Level 1:colcon.colcon_core.package_discovery:discover_packages(ignore) check parameters
[0.303s] Level 1:colcon.colcon_core.package_discovery:discover_packages(path) check parameters
[0.303s] Level 1:colcon.colcon_core.package_discovery:discover_packages(colcon_meta) discover
[0.303s] Level 1:colcon.colcon_core.package_discovery:discover_packages(recursive) discover
[0.303s] INFO:colcon.colcon_core.package_discovery:Crawling recursively for packages in '/home/chris/dev_ws/src/ros2_21_tutorials/learning_topic'
[0.303s] Level 1:colcon.colcon_core.package_identification:_identify(.) by extensions ['ignore', 'ignore_ament_install']
[0.303s] Level 1:colcon.colcon_core.package_identification:_identify(.) by extension 'ignore'
[0.303s] Level 1:colcon.colcon_core.package_identification:_identify(.) by extension 'ignore_ament_install'
[0.303s] Level 1:colcon.colcon_core.package_identification:_identify(.) by extensions ['colcon_pkg']
[0.303s] Level 1:colcon.colcon_core.package_identification:_identify(.) by extension 'colcon_pkg'
[0.303s] Level 1:colcon.colcon_core.package_identification:_identify(.) by extensions ['colcon_meta']
[0.303s] Level 1:colcon.colcon_core.package_identification:_identify(.) by extension 'colcon_meta'
[0.303s] Level 1:colcon.colcon_core.package_identification:_identify(.) by extensions ['ros']
[0.303s] Level 1:colcon.colcon_core.package_identification:_identify(.) by extension 'ros'
[0.315s] DEBUG:colcon.colcon_core.package_identification:Package '.' with type 'ros.ament_python' and name 'learning_topic'
[0.315s] Level 1:colcon.colcon_core.package_discovery:discover_packages(recursive) using defaults
[0.315s] Level 1:colcon.colcon_core.package_discovery:discover_packages(ignore) discover
[0.315s] Level 1:colcon.colcon_core.package_discovery:discover_packages(ignore) using defaults
[0.315s] Level 1:colcon.colcon_core.package_discovery:discover_packages(path) discover
[0.315s] Level 1:colcon.colcon_core.package_discovery:discover_packages(path) using defaults
[0.337s] Level 1:colcon.colcon_core.package_discovery:discover_packages(prefix_path) check parameters
[0.337s] Level 1:colcon.colcon_core.package_discovery:discover_packages(prefix_path) discover
[0.339s] DEBUG:colcon.colcon_installed_package_information.package_discovery:Found 1 installed packages in /home/chris/dev_ws/src/ros2_21_tutorials/learning_topic/install
[0.340s] DEBUG:colcon.colcon_installed_package_information.package_discovery:Found 0 installed packages in /home/chris/dev_ws/src/ros2_21_tutorials/learning_topic/learning_topic/install
[0.341s] DEBUG:colcon.colcon_installed_package_information.package_discovery:Found 1 installed packages in /home/chris/dev_ws/src/ros2_21_tutorials/learning_node/install
[0.342s] DEBUG:colcon.colcon_installed_package_information.package_discovery:Found 13 installed packages in /home/chris/dev_ws/install
[0.343s] DEBUG:colcon.colcon_installed_package_information.package_discovery:Found 274 installed packages in /opt/ros/humble
[0.344s] Level 1:colcon.colcon_core.package_discovery:discover_packages(prefix_path) using defaults
[0.396s] Level 5:colcon.colcon_core.verb:set package 'learning_topic' build argument 'cmake_args' from command line to 'None'
[0.396s] Level 5:colcon.colcon_core.verb:set package 'learning_topic' build argument 'cmake_target' from command line to 'None'
[0.396s] Level 5:colcon.colcon_core.verb:set package 'learning_topic' build argument 'cmake_target_skip_unavailable' from command line to 'False'
[0.397s] Level 5:colcon.colcon_core.verb:set package 'learning_topic' build argument 'cmake_clean_cache' from command line to 'False'
[0.397s] Level 5:colcon.colcon_core.verb:set package 'learning_topic' build argument 'cmake_clean_first' from command line to 'False'
[0.397s] Level 5:colcon.colcon_core.verb:set package 'learning_topic' build argument 'cmake_force_configure' from command line to 'False'
[0.397s] Level 5:colcon.colcon_core.verb:set package 'learning_topic' build argument 'ament_cmake_args' from command line to 'None'
[0.397s] Level 5:colcon.colcon_core.verb:set package 'learning_topic' build argument 'catkin_cmake_args' from command line to 'None'
[0.397s] Level 5:colcon.colcon_core.verb:set package 'learning_topic' build argument 'catkin_skip_building_tests' from command line to 'False'
[0.397s] DEBUG:colcon.colcon_core.verb:Building package 'learning_topic' with the following arguments: {'ament_cmake_args': None, 'build_base': '/home/chris/dev_ws/src/ros2_21_tutorials/learning_topic/build/learning_topic', 'catkin_cmake_args': None, 'catkin_skip_building_tests': False, 'cmake_args': None, 'cmake_clean_cache': False, 'cmake_clean_first': False, 'cmake_force_configure': False, 'cmake_target': None, 'cmake_target_skip_unavailable': False, 'install_base': '/home/chris/dev_ws/src/ros2_21_tutorials/learning_topic/install/learning_topic', 'merge_install': False, 'path': '/home/chris/dev_ws/src/ros2_21_tutorials/learning_topic', 'symlink_install': False, 'test_result_base': None}
[0.398s] INFO:colcon.colcon_core.executor:Executing jobs using 'parallel' executor
[0.401s] DEBUG:colcon.colcon_parallel_executor.executor.parallel:run_until_complete
[0.401s] INFO:colcon.colcon_ros.task.ament_python.build:Building ROS package in '/home/chris/dev_ws/src/ros2_21_tutorials/learning_topic' with build type 'ament_python'
[0.401s] Level 1:colcon.colcon_core.shell:create_environment_hook('learning_topic', 'ament_prefix_path')
[0.406s] INFO:colcon.colcon_core.plugin_system:Skipping extension 'colcon_core.shell.bat': Not used on non-Windows systems
[0.406s] INFO:colcon.colcon_core.shell:Creating environment hook '/home/chris/dev_ws/src/ros2_21_tutorials/learning_topic/install/learning_topic/share/learning_topic/hook/ament_prefix_path.ps1'
[0.406s] INFO:colcon.colcon_core.shell:Creating environment descriptor '/home/chris/dev_ws/src/ros2_21_tutorials/learning_topic/install/learning_topic/share/learning_topic/hook/ament_prefix_path.dsv'
[0.407s] INFO:colcon.colcon_core.shell:Creating environment hook '/home/chris/dev_ws/src/ros2_21_tutorials/learning_topic/install/learning_topic/share/learning_topic/hook/ament_prefix_path.sh'
[0.409s] INFO:colcon.colcon_core.shell:Skip shell extension 'powershell' for command environment: Not usable outside of PowerShell
[0.409s] DEBUG:colcon.colcon_core.shell:Skip shell extension 'dsv' for command environment
[0.650s] INFO:colcon.colcon_core.task.python.build:Building Python package in '/home/chris/dev_ws/src/ros2_21_tutorials/learning_topic'
[0.652s] INFO:colcon.colcon_core.shell:Skip shell extension 'powershell' for command environment: Not usable outside of PowerShell
[0.652s] DEBUG:colcon.colcon_core.shell:Skip shell extension 'dsv' for command environment
[0.991s] DEBUG:colcon.colcon_core.event_handler.log_command:Invoking command in '/home/chris/dev_ws/src/ros2_21_tutorials/learning_topic': PYTHONPATH=/home/chris/dev_ws/src/ros2_21_tutorials/learning_topic/build/learning_topic/prefix_override:/home/chris/dev_ws/src/ros2_21_tutorials/learning_topic/install/learning_topic/lib/python3.10/site-packages:${PYTHONPATH} /usr/bin/python3 setup.py egg_info --egg-base build/learning_topic build --build-base /home/chris/dev_ws/src/ros2_21_tutorials/learning_topic/build/learning_topic/build install --record /home/chris/dev_ws/src/ros2_21_tutorials/learning_topic/build/learning_topic/install.log --single-version-externally-managed
[1.271s] DEBUG:colcon.colcon_core.event_handler.log_command:Invoked command in '/home/chris/dev_ws/src/ros2_21_tutorials/learning_topic' returned '0': PYTHONPATH=/home/chris/dev_ws/src/ros2_21_tutorials/learning_topic/build/learning_topic/prefix_override:/home/chris/dev_ws/src/ros2_21_tutorials/learning_topic/install/learning_topic/lib/python3.10/site-packages:${PYTHONPATH} /usr/bin/python3 setup.py egg_info --egg-base build/learning_topic build --build-base /home/chris/dev_ws/src/ros2_21_tutorials/learning_topic/build/learning_topic/build install --record /home/chris/dev_ws/src/ros2_21_tutorials/learning_topic/build/learning_topic/install.log --single-version-externally-managed
[1.276s] Level 1:colcon.colcon_core.environment:checking '/home/chris/dev_ws/src/ros2_21_tutorials/learning_topic/install/learning_topic' for CMake module files
[1.276s] Level 1:colcon.colcon_core.environment:checking '/home/chris/dev_ws/src/ros2_21_tutorials/learning_topic/install/learning_topic' for CMake config files
[1.276s] Level 1:colcon.colcon_core.environment:checking '/home/chris/dev_ws/src/ros2_21_tutorials/learning_topic/install/learning_topic/lib'
[1.277s] Level 1:colcon.colcon_core.environment:checking '/home/chris/dev_ws/src/ros2_21_tutorials/learning_topic/install/learning_topic/bin'
[1.277s] Level 1:colcon.colcon_core.environment:checking '/home/chris/dev_ws/src/ros2_21_tutorials/learning_topic/install/learning_topic/lib/pkgconfig/learning_topic.pc'
[1.277s] Level 1:colcon.colcon_core.environment:checking '/home/chris/dev_ws/src/ros2_21_tutorials/learning_topic/install/learning_topic/lib/python3.10/site-packages'
[1.277s] Level 1:colcon.colcon_core.shell:create_environment_hook('learning_topic', 'pythonpath')
[1.278s] INFO:colcon.colcon_core.shell:Creating environment hook '/home/chris/dev_ws/src/ros2_21_tutorials/learning_topic/install/learning_topic/share/learning_topic/hook/pythonpath.ps1'
[1.279s] INFO:colcon.colcon_core.shell:Creating environment descriptor '/home/chris/dev_ws/src/ros2_21_tutorials/learning_topic/install/learning_topic/share/learning_topic/hook/pythonpath.dsv'
[1.279s] INFO:colcon.colcon_core.shell:Creating environment hook '/home/chris/dev_ws/src/ros2_21_tutorials/learning_topic/install/learning_topic/share/learning_topic/hook/pythonpath.sh'
[1.279s] Level 1:colcon.colcon_core.environment:checking '/home/chris/dev_ws/src/ros2_21_tutorials/learning_topic/install/learning_topic/bin'
[1.279s] Level 1:colcon.colcon_core.environment:create_environment_scripts_only(learning_topic)
[1.281s] INFO:colcon.colcon_core.shell:Creating package script '/home/chris/dev_ws/src/ros2_21_tutorials/learning_topic/install/learning_topic/share/learning_topic/package.ps1'
[1.282s] INFO:colcon.colcon_core.shell:Creating package descriptor '/home/chris/dev_ws/src/ros2_21_tutorials/learning_topic/install/learning_topic/share/learning_topic/package.dsv'
[1.282s] INFO:colcon.colcon_core.shell:Creating package script '/home/chris/dev_ws/src/ros2_21_tutorials/learning_topic/install/learning_topic/share/learning_topic/package.sh'
[1.283s] INFO:colcon.colcon_core.shell:Creating package script '/home/chris/dev_ws/src/ros2_21_tutorials/learning_topic/install/learning_topic/share/learning_topic/package.bash'
[1.283s] INFO:colcon.colcon_core.shell:Creating package script '/home/chris/dev_ws/src/ros2_21_tutorials/learning_topic/install/learning_topic/share/learning_topic/package.zsh'
[1.284s] Level 1:colcon.colcon_core.environment:create_file_with_runtime_dependencies(/home/chris/dev_ws/src/ros2_21_tutorials/learning_topic/install/learning_topic/share/colcon-core/packages/learning_topic)
[1.284s] DEBUG:colcon.colcon_parallel_executor.executor.parallel:closing loop
[1.285s] DEBUG:colcon.colcon_parallel_executor.executor.parallel:loop closed
[1.285s] DEBUG:colcon.colcon_parallel_executor.executor.parallel:run_until_complete finished with '0'
[1.285s] DEBUG:colcon.colcon_core.event_reactor:joining thread
[1.289s] INFO:colcon.colcon_core.plugin_system:Skipping extension 'colcon_notification.desktop_notification.terminal_notifier': Not used on non-Darwin systems
[1.289s] INFO:colcon.colcon_core.plugin_system:Skipping extension 'colcon_notification.desktop_notification.win32': Not used on non-Windows systems
[1.289s] INFO:colcon.colcon_notification.desktop_notification:Sending desktop notification using 'notify2'
[1.299s] DEBUG:colcon.colcon_core.event_reactor:joined thread
[1.301s] INFO:colcon.colcon_core.shell:Creating prefix script '/home/chris/dev_ws/src/ros2_21_tutorials/learning_topic/install/local_setup.ps1'
[1.302s] INFO:colcon.colcon_core.shell:Creating prefix util module '/home/chris/dev_ws/src/ros2_21_tutorials/learning_topic/install/_local_setup_util_ps1.py'
[1.304s] INFO:colcon.colcon_core.shell:Creating prefix chain script '/home/chris/dev_ws/src/ros2_21_tutorials/learning_topic/install/setup.ps1'
[1.306s] INFO:colcon.colcon_core.shell:Creating prefix script '/home/chris/dev_ws/src/ros2_21_tutorials/learning_topic/install/local_setup.sh'
[1.306s] INFO:colcon.colcon_core.shell:Creating prefix util module '/home/chris/dev_ws/src/ros2_21_tutorials/learning_topic/install/_local_setup_util_sh.py'
[1.307s] INFO:colcon.colcon_core.shell:Creating prefix chain script '/home/chris/dev_ws/src/ros2_21_tutorials/learning_topic/install/setup.sh'
[1.308s] INFO:colcon.colcon_core.shell:Creating prefix script '/home/chris/dev_ws/src/ros2_21_tutorials/learning_topic/install/local_setup.bash'
[1.309s] INFO:colcon.colcon_core.shell:Creating prefix chain script '/home/chris/dev_ws/src/ros2_21_tutorials/learning_topic/install/setup.bash'
[1.310s] INFO:colcon.colcon_core.shell:Creating prefix script '/home/chris/dev_ws/src/ros2_21_tutorials/learning_topic/install/local_setup.zsh'
[1.311s] INFO:colcon.colcon_core.shell:Creating prefix chain script '/home/chris/dev_ws/src/ros2_21_tutorials/learning_topic/install/setup.zsh'
