running egg_info
creating build/learning_service/learning_service.egg-info
writing build/learning_service/learning_service.egg-info/PKG-INFO
writing dependency_links to build/learning_service/learning_service.egg-info/dependency_links.txt
writing entry points to build/learning_service/learning_service.egg-info/entry_points.txt
writing requirements to build/learning_service/learning_service.egg-info/requires.txt
writing top-level names to build/learning_service/learning_service.egg-info/top_level.txt
writing manifest file 'build/learning_service/learning_service.egg-info/SOURCES.txt'
reading manifest file 'build/learning_service/learning_service.egg-info/SOURCES.txt'
writing manifest file 'build/learning_service/learning_service.egg-info/SOURCES.txt'
running build
running build_py
creating /home/chris/dev_ws/src/ros2_21_tutorials/learning_service/build/learning_service/build
creating /home/chris/dev_ws/src/ros2_21_tutorials/learning_service/build/learning_service/build/lib
creating /home/chris/dev_ws/src/ros2_21_tutorials/learning_service/build/learning_service/build/lib/learning_service
copying learning_service/__init__.py -> /home/chris/dev_ws/src/ros2_21_tutorials/learning_service/build/learning_service/build/lib/learning_service
copying learning_service/service_adder_server.py -> /home/chris/dev_ws/src/ros2_21_tutorials/learning_service/build/learning_service/build/lib/learning_service
copying learning_service/service_adder_client.py -> /home/chris/dev_ws/src/ros2_21_tutorials/learning_service/build/learning_service/build/lib/learning_service
copying learning_service/service_object_server.py -> /home/chris/dev_ws/src/ros2_21_tutorials/learning_service/build/learning_service/build/lib/learning_service
copying learning_service/service_object_client.py -> /home/chris/dev_ws/src/ros2_21_tutorials/learning_service/build/learning_service/build/lib/learning_service
running install
running install_lib
creating /home/chris/dev_ws/src/ros2_21_tutorials/learning_service/install/learning_service/lib/python3.10/site-packages/learning_service
copying /home/chris/dev_ws/src/ros2_21_tutorials/learning_service/build/learning_service/build/lib/learning_service/__init__.py -> /home/chris/dev_ws/src/ros2_21_tutorials/learning_service/install/learning_service/lib/python3.10/site-packages/learning_service
copying /home/chris/dev_ws/src/ros2_21_tutorials/learning_service/build/learning_service/build/lib/learning_service/service_adder_server.py -> /home/chris/dev_ws/src/ros2_21_tutorials/learning_service/install/learning_service/lib/python3.10/site-packages/learning_service
copying /home/chris/dev_ws/src/ros2_21_tutorials/learning_service/build/learning_service/build/lib/learning_service/service_adder_client.py -> /home/chris/dev_ws/src/ros2_21_tutorials/learning_service/install/learning_service/lib/python3.10/site-packages/learning_service
copying /home/chris/dev_ws/src/ros2_21_tutorials/learning_service/build/learning_service/build/lib/learning_service/service_object_server.py -> /home/chris/dev_ws/src/ros2_21_tutorials/learning_service/install/learning_service/lib/python3.10/site-packages/learning_service
copying /home/chris/dev_ws/src/ros2_21_tutorials/learning_service/build/learning_service/build/lib/learning_service/service_object_client.py -> /home/chris/dev_ws/src/ros2_21_tutorials/learning_service/install/learning_service/lib/python3.10/site-packages/learning_service
byte-compiling /home/chris/dev_ws/src/ros2_21_tutorials/learning_service/install/learning_service/lib/python3.10/site-packages/learning_service/__init__.py to __init__.cpython-310.pyc
byte-compiling /home/chris/dev_ws/src/ros2_21_tutorials/learning_service/install/learning_service/lib/python3.10/site-packages/learning_service/service_adder_server.py to service_adder_server.cpython-310.pyc
byte-compiling /home/chris/dev_ws/src/ros2_21_tutorials/learning_service/install/learning_service/lib/python3.10/site-packages/learning_service/service_adder_client.py to service_adder_client.cpython-310.pyc
byte-compiling /home/chris/dev_ws/src/ros2_21_tutorials/learning_service/install/learning_service/lib/python3.10/site-packages/learning_service/service_object_server.py to service_object_server.cpython-310.pyc
byte-compiling /home/chris/dev_ws/src/ros2_21_tutorials/learning_service/install/learning_service/lib/python3.10/site-packages/learning_service/service_object_client.py to service_object_client.cpython-310.pyc
running install_data
creating /home/chris/dev_ws/src/ros2_21_tutorials/learning_service/install/learning_service/share/ament_index
creating /home/chris/dev_ws/src/ros2_21_tutorials/learning_service/install/learning_service/share/ament_index/resource_index
creating /home/chris/dev_ws/src/ros2_21_tutorials/learning_service/install/learning_service/share/ament_index/resource_index/packages
copying resource/learning_service -> /home/chris/dev_ws/src/ros2_21_tutorials/learning_service/install/learning_service/share/ament_index/resource_index/packages
copying package.xml -> /home/chris/dev_ws/src/ros2_21_tutorials/learning_service/install/learning_service/share/learning_service
running install_egg_info
Copying build/learning_service/learning_service.egg-info to /home/chris/dev_ws/src/ros2_21_tutorials/learning_service/install/learning_service/lib/python3.10/site-packages/learning_service-0.0.0-py3.10.egg-info
running install_scripts
Installing service_adder_client script to /home/chris/dev_ws/src/ros2_21_tutorials/learning_service/install/learning_service/lib/learning_service
Installing service_adder_server script to /home/chris/dev_ws/src/ros2_21_tutorials/learning_service/install/learning_service/lib/learning_service
Installing service_object_client script to /home/chris/dev_ws/src/ros2_21_tutorials/learning_service/install/learning_service/lib/learning_service
Installing service_object_server script to /home/chris/dev_ws/src/ros2_21_tutorials/learning_service/install/learning_service/lib/learning_service
writing list of installed files to '/home/chris/dev_ws/src/ros2_21_tutorials/learning_service/build/learning_service/install.log'
