[0.576s] Invoking command in '/home/chris/dev_ws/src/ros2_21_tutorials/learning_topic': PYTHONPATH=/home/chris/dev_ws/src/ros2_21_tutorials/learning_topic/build/learning_topic/prefix_override:/home/chris/dev_ws/src/ros2_21_tutorials/learning_topic/install/learning_topic/lib/python3.10/site-packages:${PYTHONPATH} /usr/bin/python3 setup.py egg_info --egg-base build/learning_topic build --build-base /home/chris/dev_ws/src/ros2_21_tutorials/learning_topic/build/learning_topic/build install --record /home/chris/dev_ws/src/ros2_21_tutorials/learning_topic/build/learning_topic/install.log --single-version-externally-managed
[0.803s] running egg_info
[0.804s] writing build/learning_topic/learning_topic.egg-info/PKG-INFO
[0.804s] writing dependency_links to build/learning_topic/learning_topic.egg-info/dependency_links.txt
[0.804s] writing entry points to build/learning_topic/learning_topic.egg-info/entry_points.txt
[0.804s] writing requirements to build/learning_topic/learning_topic.egg-info/requires.txt
[0.804s] writing top-level names to build/learning_topic/learning_topic.egg-info/top_level.txt
[0.806s] reading manifest file 'build/learning_topic/learning_topic.egg-info/SOURCES.txt'
[0.807s] writing manifest file 'build/learning_topic/learning_topic.egg-info/SOURCES.txt'
[0.807s] running build
[0.807s] running build_py
[0.807s] copying learning_topic/topic_webcam_pub.py -> /home/chris/dev_ws/src/ros2_21_tutorials/learning_topic/build/learning_topic/build/lib/learning_topic
[0.807s] running install
[0.808s] /usr/lib/python3/dist-packages/setuptools/command/install.py:34: SetuptoolsDeprecationWarning: setup.py install is deprecated. Use build and pip and other standards-based tools.
[0.808s]   warnings.warn(
[0.808s] running install_lib
[0.808s] copying /home/chris/dev_ws/src/ros2_21_tutorials/learning_topic/build/learning_topic/build/lib/learning_topic/topic_webcam_pub.py -> /home/chris/dev_ws/src/ros2_21_tutorials/learning_topic/install/learning_topic/lib/python3.10/site-packages/learning_topic
[0.809s] byte-compiling /home/chris/dev_ws/src/ros2_21_tutorials/learning_topic/install/learning_topic/lib/python3.10/site-packages/learning_topic/topic_webcam_pub.py to topic_webcam_pub.cpython-310.pyc
[0.809s] Sorry: IndentationError: unexpected indent (topic_webcam_pub.py, line 39)
[0.809s] running install_data
[0.810s] running install_egg_info
[0.812s] removing '/home/chris/dev_ws/src/ros2_21_tutorials/learning_topic/install/learning_topic/lib/python3.10/site-packages/learning_topic-0.0.0-py3.10.egg-info' (and everything under it)
[0.812s] Copying build/learning_topic/learning_topic.egg-info to /home/chris/dev_ws/src/ros2_21_tutorials/learning_topic/install/learning_topic/lib/python3.10/site-packages/learning_topic-0.0.0-py3.10.egg-info
[0.813s] running install_scripts
[0.831s] Installing interface_object_pub script to /home/chris/dev_ws/src/ros2_21_tutorials/learning_topic/install/learning_topic/lib/learning_topic
[0.831s] Installing interface_object_sub script to /home/chris/dev_ws/src/ros2_21_tutorials/learning_topic/install/learning_topic/lib/learning_topic
[0.831s] Installing topic_helloworld_pub script to /home/chris/dev_ws/src/ros2_21_tutorials/learning_topic/install/learning_topic/lib/learning_topic
[0.831s] Installing topic_helloworld_sub script to /home/chris/dev_ws/src/ros2_21_tutorials/learning_topic/install/learning_topic/lib/learning_topic
[0.831s] Installing topic_webcam_pub script to /home/chris/dev_ws/src/ros2_21_tutorials/learning_topic/install/learning_topic/lib/learning_topic
[0.831s] Installing topic_webcam_sub script to /home/chris/dev_ws/src/ros2_21_tutorials/learning_topic/install/learning_topic/lib/learning_topic
[0.832s] writing list of installed files to '/home/chris/dev_ws/src/ros2_21_tutorials/learning_topic/build/learning_topic/install.log'
[0.856s] Invoked command in '/home/chris/dev_ws/src/ros2_21_tutorials/learning_topic' returned '0': PYTHONPATH=/home/chris/dev_ws/src/ros2_21_tutorials/learning_topic/build/learning_topic/prefix_override:/home/chris/dev_ws/src/ros2_21_tutorials/learning_topic/install/learning_topic/lib/python3.10/site-packages:${PYTHONPATH} /usr/bin/python3 setup.py egg_info --egg-base build/learning_topic build --build-base /home/chris/dev_ws/src/ros2_21_tutorials/learning_topic/build/learning_topic/build install --record /home/chris/dev_ws/src/ros2_21_tutorials/learning_topic/build/learning_topic/install.log --single-version-externally-managed
