running egg_info
creating build/learning_node/learning_node.egg-info
writing build/learning_node/learning_node.egg-info/PKG-INFO
writing dependency_links to build/learning_node/learning_node.egg-info/dependency_links.txt
writing entry points to build/learning_node/learning_node.egg-info/entry_points.txt
writing requirements to build/learning_node/learning_node.egg-info/requires.txt
writing top-level names to build/learning_node/learning_node.egg-info/top_level.txt
writing manifest file 'build/learning_node/learning_node.egg-info/SOURCES.txt'
reading manifest file 'build/learning_node/learning_node.egg-info/SOURCES.txt'
writing manifest file 'build/learning_node/learning_node.egg-info/SOURCES.txt'
running build
running build_py
creating /home/chris/dev_ws/src/ros2_21_tutorials/learning_node/build/learning_node/build
creating /home/chris/dev_ws/src/ros2_21_tutorials/learning_node/build/learning_node/build/lib
creating /home/chris/dev_ws/src/ros2_21_tutorials/learning_node/build/learning_node/build/lib/learning_node
copying learning_node/__init__.py -> /home/chris/dev_ws/src/ros2_21_tutorials/learning_node/build/learning_node/build/lib/learning_node
copying learning_node/node_object_webcam.py -> /home/chris/dev_ws/src/ros2_21_tutorials/learning_node/build/learning_node/build/lib/learning_node
copying learning_node/node_object.py -> /home/chris/dev_ws/src/ros2_21_tutorials/learning_node/build/learning_node/build/lib/learning_node
copying learning_node/node_helloworld.py -> /home/chris/dev_ws/src/ros2_21_tutorials/learning_node/build/learning_node/build/lib/learning_node
copying learning_node/node_helloworld_class.py -> /home/chris/dev_ws/src/ros2_21_tutorials/learning_node/build/learning_node/build/lib/learning_node
running install
running install_lib
creating /home/chris/dev_ws/src/ros2_21_tutorials/learning_node/install/learning_node/lib/python3.10/site-packages/learning_node
copying /home/chris/dev_ws/src/ros2_21_tutorials/learning_node/build/learning_node/build/lib/learning_node/__init__.py -> /home/chris/dev_ws/src/ros2_21_tutorials/learning_node/install/learning_node/lib/python3.10/site-packages/learning_node
copying /home/chris/dev_ws/src/ros2_21_tutorials/learning_node/build/learning_node/build/lib/learning_node/node_object_webcam.py -> /home/chris/dev_ws/src/ros2_21_tutorials/learning_node/install/learning_node/lib/python3.10/site-packages/learning_node
copying /home/chris/dev_ws/src/ros2_21_tutorials/learning_node/build/learning_node/build/lib/learning_node/node_object.py -> /home/chris/dev_ws/src/ros2_21_tutorials/learning_node/install/learning_node/lib/python3.10/site-packages/learning_node
copying /home/chris/dev_ws/src/ros2_21_tutorials/learning_node/build/learning_node/build/lib/learning_node/node_helloworld.py -> /home/chris/dev_ws/src/ros2_21_tutorials/learning_node/install/learning_node/lib/python3.10/site-packages/learning_node
copying /home/chris/dev_ws/src/ros2_21_tutorials/learning_node/build/learning_node/build/lib/learning_node/node_helloworld_class.py -> /home/chris/dev_ws/src/ros2_21_tutorials/learning_node/install/learning_node/lib/python3.10/site-packages/learning_node
byte-compiling /home/chris/dev_ws/src/ros2_21_tutorials/learning_node/install/learning_node/lib/python3.10/site-packages/learning_node/__init__.py to __init__.cpython-310.pyc
byte-compiling /home/chris/dev_ws/src/ros2_21_tutorials/learning_node/install/learning_node/lib/python3.10/site-packages/learning_node/node_object_webcam.py to node_object_webcam.cpython-310.pyc
byte-compiling /home/chris/dev_ws/src/ros2_21_tutorials/learning_node/install/learning_node/lib/python3.10/site-packages/learning_node/node_object.py to node_object.cpython-310.pyc
byte-compiling /home/chris/dev_ws/src/ros2_21_tutorials/learning_node/install/learning_node/lib/python3.10/site-packages/learning_node/node_helloworld.py to node_helloworld.cpython-310.pyc
byte-compiling /home/chris/dev_ws/src/ros2_21_tutorials/learning_node/install/learning_node/lib/python3.10/site-packages/learning_node/node_helloworld_class.py to node_helloworld_class.cpython-310.pyc
running install_data
creating /home/chris/dev_ws/src/ros2_21_tutorials/learning_node/install/learning_node/share/ament_index
creating /home/chris/dev_ws/src/ros2_21_tutorials/learning_node/install/learning_node/share/ament_index/resource_index
creating /home/chris/dev_ws/src/ros2_21_tutorials/learning_node/install/learning_node/share/ament_index/resource_index/packages
copying resource/learning_node -> /home/chris/dev_ws/src/ros2_21_tutorials/learning_node/install/learning_node/share/ament_index/resource_index/packages
copying package.xml -> /home/chris/dev_ws/src/ros2_21_tutorials/learning_node/install/learning_node/share/learning_node
running install_egg_info
Copying build/learning_node/learning_node.egg-info to /home/chris/dev_ws/src/ros2_21_tutorials/learning_node/install/learning_node/lib/python3.10/site-packages/learning_node-0.0.0-py3.10.egg-info
running install_scripts
Installing node_helloworld script to /home/chris/dev_ws/src/ros2_21_tutorials/learning_node/install/learning_node/lib/learning_node
Installing node_helloworld_class script to /home/chris/dev_ws/src/ros2_21_tutorials/learning_node/install/learning_node/lib/learning_node
Installing node_object script to /home/chris/dev_ws/src/ros2_21_tutorials/learning_node/install/learning_node/lib/learning_node
Installing node_object_webcam script to /home/chris/dev_ws/src/ros2_21_tutorials/learning_node/install/learning_node/lib/learning_node
writing list of installed files to '/home/chris/dev_ws/src/ros2_21_tutorials/learning_node/build/learning_node/install.log'
