[0.753s] Invoking command in '/home/chris/dev_ws/src/ros2_21_tutorials/learning_node': PYTHONPATH=/home/chris/dev_ws/src/ros2_21_tutorials/learning_node/build/learning_node/prefix_override:/home/chris/dev_ws/src/ros2_21_tutorials/learning_node/install/learning_node/lib/python3.10/site-packages:${PYTHONPATH} /usr/bin/python3 setup.py egg_info --egg-base build/learning_node build --build-base /home/chris/dev_ws/src/ros2_21_tutorials/learning_node/build/learning_node/build install --record /home/chris/dev_ws/src/ros2_21_tutorials/learning_node/build/learning_node/install.log --single-version-externally-managed
[1.070s] running egg_info
[1.070s] creating build/learning_node/learning_node.egg-info
[1.071s] writing build/learning_node/learning_node.egg-info/PKG-INFO
[1.071s] writing dependency_links to build/learning_node/learning_node.egg-info/dependency_links.txt
[1.071s] writing entry points to build/learning_node/learning_node.egg-info/entry_points.txt
[1.071s] writing requirements to build/learning_node/learning_node.egg-info/requires.txt
[1.071s] writing top-level names to build/learning_node/learning_node.egg-info/top_level.txt
[1.071s] writing manifest file 'build/learning_node/learning_node.egg-info/SOURCES.txt'
[1.073s] reading manifest file 'build/learning_node/learning_node.egg-info/SOURCES.txt'
[1.074s] writing manifest file 'build/learning_node/learning_node.egg-info/SOURCES.txt'
[1.074s] running build
[1.074s] running build_py
[1.074s] creating /home/chris/dev_ws/src/ros2_21_tutorials/learning_node/build/learning_node/build
[1.075s] creating /home/chris/dev_ws/src/ros2_21_tutorials/learning_node/build/learning_node/build/lib
[1.075s] creating /home/chris/dev_ws/src/ros2_21_tutorials/learning_node/build/learning_node/build/lib/learning_node
[1.075s] copying learning_node/__init__.py -> /home/chris/dev_ws/src/ros2_21_tutorials/learning_node/build/learning_node/build/lib/learning_node
[1.075s] copying learning_node/node_object_webcam.py -> /home/chris/dev_ws/src/ros2_21_tutorials/learning_node/build/learning_node/build/lib/learning_node
[1.075s] copying learning_node/node_object.py -> /home/chris/dev_ws/src/ros2_21_tutorials/learning_node/build/learning_node/build/lib/learning_node
[1.075s] copying learning_node/node_helloworld.py -> /home/chris/dev_ws/src/ros2_21_tutorials/learning_node/build/learning_node/build/lib/learning_node
[1.075s] copying learning_node/node_helloworld_class.py -> /home/chris/dev_ws/src/ros2_21_tutorials/learning_node/build/learning_node/build/lib/learning_node
[1.075s] running install
[1.076s] /usr/lib/python3/dist-packages/setuptools/command/install.py:34: SetuptoolsDeprecationWarning: setup.py install is deprecated. Use build and pip and other standards-based tools.
[1.076s]   warnings.warn(
[1.076s] running install_lib
[1.077s] creating /home/chris/dev_ws/src/ros2_21_tutorials/learning_node/install/learning_node/lib/python3.10/site-packages/learning_node
[1.078s] copying /home/chris/dev_ws/src/ros2_21_tutorials/learning_node/build/learning_node/build/lib/learning_node/__init__.py -> /home/chris/dev_ws/src/ros2_21_tutorials/learning_node/install/learning_node/lib/python3.10/site-packages/learning_node
[1.078s] copying /home/chris/dev_ws/src/ros2_21_tutorials/learning_node/build/learning_node/build/lib/learning_node/node_object_webcam.py -> /home/chris/dev_ws/src/ros2_21_tutorials/learning_node/install/learning_node/lib/python3.10/site-packages/learning_node
[1.078s] copying /home/chris/dev_ws/src/ros2_21_tutorials/learning_node/build/learning_node/build/lib/learning_node/node_object.py -> /home/chris/dev_ws/src/ros2_21_tutorials/learning_node/install/learning_node/lib/python3.10/site-packages/learning_node
[1.078s] copying /home/chris/dev_ws/src/ros2_21_tutorials/learning_node/build/learning_node/build/lib/learning_node/node_helloworld.py -> /home/chris/dev_ws/src/ros2_21_tutorials/learning_node/install/learning_node/lib/python3.10/site-packages/learning_node
[1.078s] copying /home/chris/dev_ws/src/ros2_21_tutorials/learning_node/build/learning_node/build/lib/learning_node/node_helloworld_class.py -> /home/chris/dev_ws/src/ros2_21_tutorials/learning_node/install/learning_node/lib/python3.10/site-packages/learning_node
[1.079s] byte-compiling /home/chris/dev_ws/src/ros2_21_tutorials/learning_node/install/learning_node/lib/python3.10/site-packages/learning_node/__init__.py to __init__.cpython-310.pyc
[1.079s] byte-compiling /home/chris/dev_ws/src/ros2_21_tutorials/learning_node/install/learning_node/lib/python3.10/site-packages/learning_node/node_object_webcam.py to node_object_webcam.cpython-310.pyc
[1.080s] byte-compiling /home/chris/dev_ws/src/ros2_21_tutorials/learning_node/install/learning_node/lib/python3.10/site-packages/learning_node/node_object.py to node_object.cpython-310.pyc
[1.080s] byte-compiling /home/chris/dev_ws/src/ros2_21_tutorials/learning_node/install/learning_node/lib/python3.10/site-packages/learning_node/node_helloworld.py to node_helloworld.cpython-310.pyc
[1.080s] Sorry: IndentationError: expected an indented block after function definition on line 13 (node_helloworld.py, line 14)
[1.081s] byte-compiling /home/chris/dev_ws/src/ros2_21_tutorials/learning_node/install/learning_node/lib/python3.10/site-packages/learning_node/node_helloworld_class.py to node_helloworld_class.cpython-310.pyc
[1.081s] running install_data
[1.082s] creating /home/chris/dev_ws/src/ros2_21_tutorials/learning_node/install/learning_node/share/ament_index
[1.082s] creating /home/chris/dev_ws/src/ros2_21_tutorials/learning_node/install/learning_node/share/ament_index/resource_index
[1.082s] creating /home/chris/dev_ws/src/ros2_21_tutorials/learning_node/install/learning_node/share/ament_index/resource_index/packages
[1.082s] copying resource/learning_node -> /home/chris/dev_ws/src/ros2_21_tutorials/learning_node/install/learning_node/share/ament_index/resource_index/packages
[1.082s] copying package.xml -> /home/chris/dev_ws/src/ros2_21_tutorials/learning_node/install/learning_node/share/learning_node
[1.082s] running install_egg_info
[1.085s] Copying build/learning_node/learning_node.egg-info to /home/chris/dev_ws/src/ros2_21_tutorials/learning_node/install/learning_node/lib/python3.10/site-packages/learning_node-0.0.0-py3.10.egg-info
[1.085s] running install_scripts
[1.108s] Installing node_helloworld script to /home/chris/dev_ws/src/ros2_21_tutorials/learning_node/install/learning_node/lib/learning_node
[1.108s] Installing node_helloworld_class script to /home/chris/dev_ws/src/ros2_21_tutorials/learning_node/install/learning_node/lib/learning_node
[1.109s] Installing node_object script to /home/chris/dev_ws/src/ros2_21_tutorials/learning_node/install/learning_node/lib/learning_node
[1.109s] Installing node_object_webcam script to /home/chris/dev_ws/src/ros2_21_tutorials/learning_node/install/learning_node/lib/learning_node
[1.109s] writing list of installed files to '/home/chris/dev_ws/src/ros2_21_tutorials/learning_node/build/learning_node/install.log'
[1.149s] Invoked command in '/home/chris/dev_ws/src/ros2_21_tutorials/learning_node' returned '0': PYTHONPATH=/home/chris/dev_ws/src/ros2_21_tutorials/learning_node/build/learning_node/prefix_override:/home/chris/dev_ws/src/ros2_21_tutorials/learning_node/install/learning_node/lib/python3.10/site-packages:${PYTHONPATH} /usr/bin/python3 setup.py egg_info --egg-base build/learning_node build --build-base /home/chris/dev_ws/src/ros2_21_tutorials/learning_node/build/learning_node/build install --record /home/chris/dev_ws/src/ros2_21_tutorials/learning_node/build/learning_node/install.log --single-version-externally-managed
