running egg_info
writing build/learning_node/learning_node.egg-info/PKG-INFO
writing dependency_links to build/learning_node/learning_node.egg-info/dependency_links.txt
writing entry points to build/learning_node/learning_node.egg-info/entry_points.txt
writing requirements to build/learning_node/learning_node.egg-info/requires.txt
writing top-level names to build/learning_node/learning_node.egg-info/top_level.txt
reading manifest file 'build/learning_node/learning_node.egg-info/SOURCES.txt'
writing manifest file 'build/learning_node/learning_node.egg-info/SOURCES.txt'
running build
running build_py
copying learning_node/node_helloworld.py -> /home/chris/dev_ws/src/ros2_21_tutorials/learning_node/build/learning_node/build/lib/learning_node
copying learning_node/node_helloworld_class.py -> /home/chris/dev_ws/src/ros2_21_tutorials/learning_node/build/learning_node/build/lib/learning_node
running install
running install_lib
copying /home/chris/dev_ws/src/ros2_21_tutorials/learning_node/build/learning_node/build/lib/learning_node/node_helloworld.py -> /home/chris/dev_ws/src/ros2_21_tutorials/learning_node/install/learning_node/lib/python3.10/site-packages/learning_node
copying /home/chris/dev_ws/src/ros2_21_tutorials/learning_node/build/learning_node/build/lib/learning_node/node_helloworld_class.py -> /home/chris/dev_ws/src/ros2_21_tutorials/learning_node/install/learning_node/lib/python3.10/site-packages/learning_node
byte-compiling /home/chris/dev_ws/src/ros2_21_tutorials/learning_node/install/learning_node/lib/python3.10/site-packages/learning_node/node_helloworld.py to node_helloworld.cpython-310.pyc
byte-compiling /home/chris/dev_ws/src/ros2_21_tutorials/learning_node/install/learning_node/lib/python3.10/site-packages/learning_node/node_helloworld_class.py to node_helloworld_class.cpython-310.pyc
running install_data
running install_egg_info
removing '/home/chris/dev_ws/src/ros2_21_tutorials/learning_node/install/learning_node/lib/python3.10/site-packages/learning_node-0.0.0-py3.10.egg-info' (and everything under it)
Copying build/learning_node/learning_node.egg-info to /home/chris/dev_ws/src/ros2_21_tutorials/learning_node/install/learning_node/lib/python3.10/site-packages/learning_node-0.0.0-py3.10.egg-info
running install_scripts
Installing node_helloworld script to /home/chris/dev_ws/src/ros2_21_tutorials/learning_node/install/learning_node/lib/learning_node
Installing node_helloworld_class script to /home/chris/dev_ws/src/ros2_21_tutorials/learning_node/install/learning_node/lib/learning_node
Installing node_object script to /home/chris/dev_ws/src/ros2_21_tutorials/learning_node/install/learning_node/lib/learning_node
Installing node_object_webcam script to /home/chris/dev_ws/src/ros2_21_tutorials/learning_node/install/learning_node/lib/learning_node
writing list of installed files to '/home/chris/dev_ws/src/ros2_21_tutorials/learning_node/build/learning_node/install.log'
