[0.588s] Invoking command in '/home/chris/dev_ws/src/ros2_21_tutorials/learning_topic': PYTHONPATH=/home/chris/dev_ws/src/ros2_21_tutorials/learning_topic/build/learning_topic/prefix_override:/home/chris/dev_ws/src/ros2_21_tutorials/learning_topic/install/learning_topic/lib/python3.10/site-packages:${PYTHONPATH} /usr/bin/python3 setup.py egg_info --egg-base build/learning_topic build --build-base /home/chris/dev_ws/src/ros2_21_tutorials/learning_topic/build/learning_topic/build install --record /home/chris/dev_ws/src/ros2_21_tutorials/learning_topic/build/learning_topic/install.log --single-version-externally-managed
[0.819s] running egg_info
[0.819s] creating build/learning_topic/learning_topic.egg-info
[0.819s] writing build/learning_topic/learning_topic.egg-info/PKG-INFO
[0.820s] writing dependency_links to build/learning_topic/learning_topic.egg-info/dependency_links.txt
[0.820s] writing entry points to build/learning_topic/learning_topic.egg-info/entry_points.txt
[0.820s] writing requirements to build/learning_topic/learning_topic.egg-info/requires.txt
[0.820s] writing top-level names to build/learning_topic/learning_topic.egg-info/top_level.txt
[0.820s] writing manifest file 'build/learning_topic/learning_topic.egg-info/SOURCES.txt'
[0.821s] reading manifest file 'build/learning_topic/learning_topic.egg-info/SOURCES.txt'
[0.822s] writing manifest file 'build/learning_topic/learning_topic.egg-info/SOURCES.txt'
[0.822s] running build
[0.823s] running build_py
[0.823s] creating /home/chris/dev_ws/src/ros2_21_tutorials/learning_topic/build/learning_topic/build
[0.823s] creating /home/chris/dev_ws/src/ros2_21_tutorials/learning_topic/build/learning_topic/build/lib
[0.823s] creating /home/chris/dev_ws/src/ros2_21_tutorials/learning_topic/build/learning_topic/build/lib/learning_topic
[0.823s] copying learning_topic/__init__.py -> /home/chris/dev_ws/src/ros2_21_tutorials/learning_topic/build/learning_topic/build/lib/learning_topic
[0.823s] copying learning_topic/topic_webcam_pub.py -> /home/chris/dev_ws/src/ros2_21_tutorials/learning_topic/build/learning_topic/build/lib/learning_topic
[0.823s] copying learning_topic/topic_webcam_sub.py -> /home/chris/dev_ws/src/ros2_21_tutorials/learning_topic/build/learning_topic/build/lib/learning_topic
[0.823s] copying learning_topic/topic_helloworld_pub.py -> /home/chris/dev_ws/src/ros2_21_tutorials/learning_topic/build/learning_topic/build/lib/learning_topic
[0.823s] copying learning_topic/topic_helloworld_sub.py -> /home/chris/dev_ws/src/ros2_21_tutorials/learning_topic/build/learning_topic/build/lib/learning_topic
[0.823s] copying learning_topic/interface_object_pub.py -> /home/chris/dev_ws/src/ros2_21_tutorials/learning_topic/build/learning_topic/build/lib/learning_topic
[0.823s] copying learning_topic/interface_object_sub.py -> /home/chris/dev_ws/src/ros2_21_tutorials/learning_topic/build/learning_topic/build/lib/learning_topic
[0.823s] running install
[0.823s] /usr/lib/python3/dist-packages/setuptools/command/install.py:34: SetuptoolsDeprecationWarning: setup.py install is deprecated. Use build and pip and other standards-based tools.
[0.823s]   warnings.warn(
[0.824s] running install_lib
[0.824s] creating /home/chris/dev_ws/src/ros2_21_tutorials/learning_topic/install/learning_topic/lib/python3.10/site-packages/learning_topic
[0.824s] copying /home/chris/dev_ws/src/ros2_21_tutorials/learning_topic/build/learning_topic/build/lib/learning_topic/__init__.py -> /home/chris/dev_ws/src/ros2_21_tutorials/learning_topic/install/learning_topic/lib/python3.10/site-packages/learning_topic
[0.824s] copying /home/chris/dev_ws/src/ros2_21_tutorials/learning_topic/build/learning_topic/build/lib/learning_topic/topic_webcam_pub.py -> /home/chris/dev_ws/src/ros2_21_tutorials/learning_topic/install/learning_topic/lib/python3.10/site-packages/learning_topic
[0.824s] copying /home/chris/dev_ws/src/ros2_21_tutorials/learning_topic/build/learning_topic/build/lib/learning_topic/topic_webcam_sub.py -> /home/chris/dev_ws/src/ros2_21_tutorials/learning_topic/install/learning_topic/lib/python3.10/site-packages/learning_topic
[0.824s] copying /home/chris/dev_ws/src/ros2_21_tutorials/learning_topic/build/learning_topic/build/lib/learning_topic/topic_helloworld_pub.py -> /home/chris/dev_ws/src/ros2_21_tutorials/learning_topic/install/learning_topic/lib/python3.10/site-packages/learning_topic
[0.825s] copying /home/chris/dev_ws/src/ros2_21_tutorials/learning_topic/build/learning_topic/build/lib/learning_topic/topic_helloworld_sub.py -> /home/chris/dev_ws/src/ros2_21_tutorials/learning_topic/install/learning_topic/lib/python3.10/site-packages/learning_topic
[0.825s] copying /home/chris/dev_ws/src/ros2_21_tutorials/learning_topic/build/learning_topic/build/lib/learning_topic/interface_object_pub.py -> /home/chris/dev_ws/src/ros2_21_tutorials/learning_topic/install/learning_topic/lib/python3.10/site-packages/learning_topic
[0.825s] copying /home/chris/dev_ws/src/ros2_21_tutorials/learning_topic/build/learning_topic/build/lib/learning_topic/interface_object_sub.py -> /home/chris/dev_ws/src/ros2_21_tutorials/learning_topic/install/learning_topic/lib/python3.10/site-packages/learning_topic
[0.825s] byte-compiling /home/chris/dev_ws/src/ros2_21_tutorials/learning_topic/install/learning_topic/lib/python3.10/site-packages/learning_topic/__init__.py to __init__.cpython-310.pyc
[0.825s] byte-compiling /home/chris/dev_ws/src/ros2_21_tutorials/learning_topic/install/learning_topic/lib/python3.10/site-packages/learning_topic/topic_webcam_pub.py to topic_webcam_pub.cpython-310.pyc
[0.826s] byte-compiling /home/chris/dev_ws/src/ros2_21_tutorials/learning_topic/install/learning_topic/lib/python3.10/site-packages/learning_topic/topic_webcam_sub.py to topic_webcam_sub.cpython-310.pyc
[0.826s] byte-compiling /home/chris/dev_ws/src/ros2_21_tutorials/learning_topic/install/learning_topic/lib/python3.10/site-packages/learning_topic/topic_helloworld_pub.py to topic_helloworld_pub.cpython-310.pyc
[0.827s] byte-compiling /home/chris/dev_ws/src/ros2_21_tutorials/learning_topic/install/learning_topic/lib/python3.10/site-packages/learning_topic/topic_helloworld_sub.py to topic_helloworld_sub.cpython-310.pyc
[0.827s] byte-compiling /home/chris/dev_ws/src/ros2_21_tutorials/learning_topic/install/learning_topic/lib/python3.10/site-packages/learning_topic/interface_object_pub.py to interface_object_pub.cpython-310.pyc
[0.828s] byte-compiling /home/chris/dev_ws/src/ros2_21_tutorials/learning_topic/install/learning_topic/lib/python3.10/site-packages/learning_topic/interface_object_sub.py to interface_object_sub.cpython-310.pyc
[0.828s] running install_data
[0.828s] creating /home/chris/dev_ws/src/ros2_21_tutorials/learning_topic/install/learning_topic/share/ament_index
[0.828s] creating /home/chris/dev_ws/src/ros2_21_tutorials/learning_topic/install/learning_topic/share/ament_index/resource_index
[0.829s] creating /home/chris/dev_ws/src/ros2_21_tutorials/learning_topic/install/learning_topic/share/ament_index/resource_index/packages
[0.829s] copying resource/learning_topic -> /home/chris/dev_ws/src/ros2_21_tutorials/learning_topic/install/learning_topic/share/ament_index/resource_index/packages
[0.829s] copying package.xml -> /home/chris/dev_ws/src/ros2_21_tutorials/learning_topic/install/learning_topic/share/learning_topic
[0.829s] running install_egg_info
[0.830s] Copying build/learning_topic/learning_topic.egg-info to /home/chris/dev_ws/src/ros2_21_tutorials/learning_topic/install/learning_topic/lib/python3.10/site-packages/learning_topic-0.0.0-py3.10.egg-info
[0.831s] running install_scripts
[0.849s] Installing interface_object_pub script to /home/chris/dev_ws/src/ros2_21_tutorials/learning_topic/install/learning_topic/lib/learning_topic
[0.850s] Installing interface_object_sub script to /home/chris/dev_ws/src/ros2_21_tutorials/learning_topic/install/learning_topic/lib/learning_topic
[0.850s] Installing topic_helloworld_pub script to /home/chris/dev_ws/src/ros2_21_tutorials/learning_topic/install/learning_topic/lib/learning_topic
[0.850s] Installing topic_helloworld_sub script to /home/chris/dev_ws/src/ros2_21_tutorials/learning_topic/install/learning_topic/lib/learning_topic
[0.850s] Installing topic_webcam_pub script to /home/chris/dev_ws/src/ros2_21_tutorials/learning_topic/install/learning_topic/lib/learning_topic
[0.850s] Installing topic_webcam_sub script to /home/chris/dev_ws/src/ros2_21_tutorials/learning_topic/install/learning_topic/lib/learning_topic
[0.850s] writing list of installed files to '/home/chris/dev_ws/src/ros2_21_tutorials/learning_topic/build/learning_topic/install.log'
[0.872s] Invoked command in '/home/chris/dev_ws/src/ros2_21_tutorials/learning_topic' returned '0': PYTHONPATH=/home/chris/dev_ws/src/ros2_21_tutorials/learning_topic/build/learning_topic/prefix_override:/home/chris/dev_ws/src/ros2_21_tutorials/learning_topic/install/learning_topic/lib/python3.10/site-packages:${PYTHONPATH} /usr/bin/python3 setup.py egg_info --egg-base build/learning_topic build --build-base /home/chris/dev_ws/src/ros2_21_tutorials/learning_topic/build/learning_topic/build install --record /home/chris/dev_ws/src/ros2_21_tutorials/learning_topic/build/learning_topic/install.log --single-version-externally-managed
