[0.593s] Invoking command in '/home/chris/dev_ws/src/ros2_21_tutorials/learning_topic': PYTHONPATH=/home/chris/dev_ws/src/ros2_21_tutorials/learning_topic/build/learning_topic/prefix_override:/home/chris/dev_ws/src/ros2_21_tutorials/learning_topic/install/learning_topic/lib/python3.10/site-packages:${PYTHONPATH} /usr/bin/python3 setup.py egg_info --egg-base build/learning_topic build --build-base /home/chris/dev_ws/src/ros2_21_tutorials/learning_topic/build/learning_topic/build install --record /home/chris/dev_ws/src/ros2_21_tutorials/learning_topic/build/learning_topic/install.log --single-version-externally-managed
[0.826s] running egg_info
[0.827s] writing build/learning_topic/learning_topic.egg-info/PKG-INFO
[0.827s] writing dependency_links to build/learning_topic/learning_topic.egg-info/dependency_links.txt
[0.827s] writing entry points to build/learning_topic/learning_topic.egg-info/entry_points.txt
[0.827s] writing requirements to build/learning_topic/learning_topic.egg-info/requires.txt
[0.828s] writing top-level names to build/learning_topic/learning_topic.egg-info/top_level.txt
[0.829s] reading manifest file 'build/learning_topic/learning_topic.egg-info/SOURCES.txt'
[0.830s] writing manifest file 'build/learning_topic/learning_topic.egg-info/SOURCES.txt'
[0.830s] running build
[0.830s] running build_py
[0.831s] running install
[0.831s] /usr/lib/python3/dist-packages/setuptools/command/install.py:34: SetuptoolsDeprecationWarning: setup.py install is deprecated. Use build and pip and other standards-based tools.
[0.831s]   warnings.warn(
[0.831s] running install_lib
[0.833s] running install_data
[0.833s] running install_egg_info
[0.835s] removing '/home/chris/dev_ws/src/ros2_21_tutorials/learning_topic/install/learning_topic/lib/python3.10/site-packages/learning_topic-0.0.0-py3.10.egg-info' (and everything under it)
[0.835s] Copying build/learning_topic/learning_topic.egg-info to /home/chris/dev_ws/src/ros2_21_tutorials/learning_topic/install/learning_topic/lib/python3.10/site-packages/learning_topic-0.0.0-py3.10.egg-info
[0.836s] running install_scripts
[0.854s] Installing interface_object_pub script to /home/chris/dev_ws/src/ros2_21_tutorials/learning_topic/install/learning_topic/lib/learning_topic
[0.855s] Installing interface_object_sub script to /home/chris/dev_ws/src/ros2_21_tutorials/learning_topic/install/learning_topic/lib/learning_topic
[0.855s] Installing topic_helloworld_pub script to /home/chris/dev_ws/src/ros2_21_tutorials/learning_topic/install/learning_topic/lib/learning_topic
[0.855s] Installing topic_helloworld_sub script to /home/chris/dev_ws/src/ros2_21_tutorials/learning_topic/install/learning_topic/lib/learning_topic
[0.855s] Installing topic_webcam_pub script to /home/chris/dev_ws/src/ros2_21_tutorials/learning_topic/install/learning_topic/lib/learning_topic
[0.855s] Installing topic_webcam_sub script to /home/chris/dev_ws/src/ros2_21_tutorials/learning_topic/install/learning_topic/lib/learning_topic
[0.856s] writing list of installed files to '/home/chris/dev_ws/src/ros2_21_tutorials/learning_topic/build/learning_topic/install.log'
[0.877s] Invoked command in '/home/chris/dev_ws/src/ros2_21_tutorials/learning_topic' returned '0': PYTHONPATH=/home/chris/dev_ws/src/ros2_21_tutorials/learning_topic/build/learning_topic/prefix_override:/home/chris/dev_ws/src/ros2_21_tutorials/learning_topic/install/learning_topic/lib/python3.10/site-packages:${PYTHONPATH} /usr/bin/python3 setup.py egg_info --egg-base build/learning_topic build --build-base /home/chris/dev_ws/src/ros2_21_tutorials/learning_topic/build/learning_topic/build install --record /home/chris/dev_ws/src/ros2_21_tutorials/learning_topic/build/learning_topic/install.log --single-version-externally-managed
